<?xml version="1.0" encoding="UTF-8"?>
<!-- Generated by org.testng.reporters.JUnitXMLReporter -->
<testsuite hostname="EKTA-LAPTOP" name="Test" tests="3" failures="0" timestamp="24 Aug 2020 18:52:56 GMT" time="68.46" errors="0">
  <testcase name="LoginCall" time="14.361" classname="com.Facebook.GenericLogin"/>
  <testcase name="patientLoginCall" time="17.649" classname="com.Facebook.GenericLogin"/>
  <testcase name="LoginCall" time="9.822" classname="com.Facebook.Admin"/>
</testsuite> <!-- Test -->
